Determining if the pthread_create exist failed with the following output:
Change Dir: /home/julian/robot_assignment_ws/build/CMakeFiles/CMakeTmp

Run Build Command:"/usr/bin/make" "cmTC_8119e/fast"
/usr/bin/make -f CMakeFiles/cmTC_8119e.dir/build.make CMakeFiles/cmTC_8119e.dir/build
make[1]: Entering directory '/home/julian/robot_assignment_ws/build/CMakeFiles/CMakeTmp'
Building C object CMakeFiles/cmTC_8119e.dir/CheckSymbolExists.c.o
/usr/bin/cc    -o CMakeFiles/cmTC_8119e.dir/CheckSymbolExists.c.o   -c /home/julian/robot_assignment_ws/build/CMakeFiles/CMakeTmp/CheckSymbolExists.c
Linking C executable cmTC_8119e
/usr/bin/cmake -E cmake_link_script CMakeFiles/cmTC_8119e.dir/link.txt --verbose=1
/usr/bin/cc      -rdynamic CMakeFiles/cmTC_8119e.dir/CheckSymbolExists.c.o  -o cmTC_8119e 
CMakeFiles/cmTC_8119e.dir/CheckSymbolExists.c.o: In function `main':
CheckSymbolExists.c:(.text+0x1b): undefined reference to `pthread_create'
collect2: error: ld returned 1 exit status
CMakeFiles/cmTC_8119e.dir/build.make:97: recipe for target 'cmTC_8119e' failed
make[1]: *** [cmTC_8119e] Error 1
make[1]: Leaving directory '/home/julian/robot_assignment_ws/build/CMakeFiles/CMakeTmp'
Makefile:126: recipe for target 'cmTC_8119e/fast' failed
make: *** [cmTC_8119e/fast] Error 2

File /home/julian/robot_assignment_ws/build/CMakeFiles/CMakeTmp/CheckSymbolExists.c:
/* */
#include <pthread.h>

int main(int argc, char** argv)
{
  (void)argv;
#ifndef pthread_create
  return ((int*)(&pthread_create))[argc];
#else
  (void)argc;
  return 0;
#endif
}

Determining if the function pthread_create exists in the pthreads failed with the following output:
Change Dir: /home/julian/robot_assignment_ws/build/CMakeFiles/CMakeTmp

Run Build Command:"/usr/bin/make" "cmTC_32514/fast"
/usr/bin/make -f CMakeFiles/cmTC_32514.dir/build.make CMakeFiles/cmTC_32514.dir/build
make[1]: Entering directory '/home/julian/robot_assignment_ws/build/CMakeFiles/CMakeTmp'
Building C object CMakeFiles/cmTC_32514.dir/CheckFunctionExists.c.o
/usr/bin/cc   -DCHECK_FUNCTION_EXISTS=pthread_create   -o CMakeFiles/cmTC_32514.dir/CheckFunctionExists.c.o   -c /usr/share/cmake-3.10/Modules/CheckFunctionExists.c
Linking C executable cmTC_32514
/usr/bin/cmake -E cmake_link_script CMakeFiles/cmTC_32514.dir/link.txt --verbose=1
/usr/bin/cc  -DCHECK_FUNCTION_EXISTS=pthread_create    -rdynamic CMakeFiles/cmTC_32514.dir/CheckFunctionExists.c.o  -o cmTC_32514 -lpthreads 
/usr/bin/ld: cannot find -lpthreads
collect2: error: ld returned 1 exit status
CMakeFiles/cmTC_32514.dir/build.make:97: recipe for target 'cmTC_32514' failed
make[1]: *** [cmTC_32514] Error 1
make[1]: Leaving directory '/home/julian/robot_assignment_ws/build/CMakeFiles/CMakeTmp'
Makefile:126: recipe for target 'cmTC_32514/fast' failed
make: *** [cmTC_32514/fast] Error 2


